<?xml version="1.0" encoding="UTF-8"?>
<robot generator="Robot 3.0.2 (Python 3.6.4 on win32)" generated="20180322 15:40:33.822">
<suite id="s1" name="Excel1" source="C:\Users\vsagi\PycharmProjects\Project1\Excel1.robot">
<test id="s1-t1" name="Addition">
<kw name="Add" library="excelsupport">
<arguments>
<arg>${b}</arg>
<arg>&amp;{d}[e]</arg>
</arguments>
<assign>
<var>${s}</var>
</assign>
<kw name="Evaluate" library="BuiltIn">
<doc>Evaluates the given expression in Python and returns the results.</doc>
<arguments>
<arg>${x} + ${y}</arg>
</arguments>
<assign>
<var>${k}</var>
</assign>
<msg timestamp="20180322 15:40:33.902" level="INFO">${k} = 30</msg>
<status status="PASS" starttime="20180322 15:40:33.902" endtime="20180322 15:40:33.902"></status>
</kw>
<msg timestamp="20180322 15:40:33.912" level="INFO">${s} = 30</msg>
<status status="PASS" starttime="20180322 15:40:33.902" endtime="20180322 15:40:33.912"></status>
</kw>
<kw name="Log" library="BuiltIn">
<doc>Logs the given message with the given level.</doc>
<arguments>
<arg>${s}</arg>
</arguments>
<msg timestamp="20180322 15:40:33.912" level="INFO">30</msg>
<status status="PASS" starttime="20180322 15:40:33.912" endtime="20180322 15:40:33.912"></status>
</kw>
<status status="PASS" starttime="20180322 15:40:33.902" endtime="20180322 15:40:33.912" critical="yes"></status>
</test>
<test id="s1-t2" name="Subtraction">
<kw name="Sub" library="excelsupport">
<arguments>
<arg>1</arg>
<arg>2</arg>
</arguments>
<assign>
<var>${s}</var>
</assign>
<kw name="Evaluate" library="BuiltIn">
<doc>Evaluates the given expression in Python and returns the results.</doc>
<arguments>
<arg>${x} - ${y}</arg>
</arguments>
<assign>
<var>${k}</var>
</assign>
<msg timestamp="20180322 15:40:33.912" level="INFO">${k} = -1</msg>
<status status="PASS" starttime="20180322 15:40:33.912" endtime="20180322 15:40:33.912"></status>
</kw>
<msg timestamp="20180322 15:40:33.912" level="INFO">${s} = -1</msg>
<status status="PASS" starttime="20180322 15:40:33.912" endtime="20180322 15:40:33.912"></status>
</kw>
<kw name="Log" library="BuiltIn">
<doc>Logs the given message with the given level.</doc>
<arguments>
<arg>${s}</arg>
</arguments>
<msg timestamp="20180322 15:40:33.912" level="INFO">-1</msg>
<status status="PASS" starttime="20180322 15:40:33.912" endtime="20180322 15:40:33.912"></status>
</kw>
<status status="PASS" starttime="20180322 15:40:33.912" endtime="20180322 15:40:33.912" critical="yes"></status>
</test>
<test id="s1-t3" name="Add1">
<kw name="Ml" library="Res1">
<arguments>
<arg>5</arg>
<arg>10</arg>
</arguments>
<assign>
<var>${k}</var>
</assign>
<msg timestamp="20180322 15:40:33.912" level="INFO">${k} = 510</msg>
<status status="PASS" starttime="20180322 15:40:33.912" endtime="20180322 15:40:33.912"></status>
</kw>
<kw name="Log" library="BuiltIn">
<doc>Logs the given message with the given level.</doc>
<arguments>
<arg>${k}</arg>
</arguments>
<msg timestamp="20180322 15:40:33.912" level="INFO">510</msg>
<status status="PASS" starttime="20180322 15:40:33.912" endtime="20180322 15:40:33.912"></status>
</kw>
<status status="PASS" starttime="20180322 15:40:33.912" endtime="20180322 15:40:33.912" critical="yes"></status>
</test>
<status status="PASS" starttime="20180322 15:40:33.832" endtime="20180322 15:40:33.912"></status>
</suite>
<statistics>
<total>
<stat pass="3" fail="0">Critical Tests</stat>
<stat pass="3" fail="0">All Tests</stat>
</total>
<tag>
</tag>
<suite>
<stat pass="3" fail="0" id="s1" name="Excel1">Excel1</stat>
</suite>
</statistics>
<errors>
</errors>
</robot>
